<?xml version="1.0" encoding="UTF-8"?>
<!-- Generated by org.testng.reporters.JUnitXMLReporter -->
<testsuite hostname="DESKTOP-VPBLA7M" ignored="0" name="Test" tests="5" failures="0" timestamp="2023-12-02T21:05:50 EST" time="92.667" errors="0">
  <testcase name="testAccountRegistration1" time="4.613" classname="testCases.TC_AccountRegistration_002"/>
  <testcase name="testAccountRegistration" time="4.614" classname="testCases.TC_AccountRegistration_001"/>
  <testcase name="testlogin" time="0.551" classname="testCases.TC_AccountLogin_003"/>
  <testcase name="testLogin" time="14.414" classname="testCases.TC_LoginPage_004"/>
  <testcase name="testMarketplacefeature" time="2.536" classname="testCases.TC_LoginPage_004"/>
</testsuite> <!-- Test -->
